<?xml version="1.0" encoding="UTF-8"?>
<testsuite name="Eight" tests="1" skipped="1" failures="0" errors="0" timestamp="2019-12-03T20:45:21" hostname="DESKTOP-E9A41FJ" time="697.948">
  <properties/>
  <testcase name="testGoogleSearch" classname="Eight" time="697.948">
    <skipped/>
  </testcase>
  <system-out><![CDATA[]]></system-out>
  <system-err><![CDATA[Starting ChromeDriver 78.0.3904.105 (60e2d8774a8151efa6a00b1f358371b1e0e07ee2-refs/branch-heads/3904@{#877}) on port 29448
Only local connections are allowed.
Please protect ports used by ChromeDriver and related test frameworks to prevent access by malicious code.
дек. 03, 2019 11:45:25 PM org.openqa.selenium.remote.ProtocolHandshake createSession
INFO: Detected dialect: W3C
]]></system-err>
</testsuite>
