<?xml version="1.0" encoding="UTF-8"?>
<testsuite name="Fourteen" tests="1" skipped="0" failures="0" errors="0" timestamp="2019-12-19T14:51:59" hostname="DESKTOP-E9A41FJ" time="21.949">
  <properties/>
  <testcase name="testGoogleSearch" classname="Fourteen" time="21.949"/>
  <system-out><![CDATA[]]></system-out>
  <system-err><![CDATA[1576767120432	mozrunner::runner	INFO	Running command: "C:/Program Files (x86)/Mozilla Firefox/firefox.exe" "-marionette" "-foreground" "-no-remote" "-profile" "C:\\Users\\Lidiya\\AppData\\Local\\Temp\\rust_mozprofileOoehoa"
1576767121344	addons.webextension.screenshots@mozilla.org	WARN	Loading extension 'screenshots@mozilla.org': Reading manifest: Invalid extension permission: mozillaAddons
1576767121344	addons.webextension.screenshots@mozilla.org	WARN	Loading extension 'screenshots@mozilla.org': Reading manifest: Invalid extension permission: telemetry
1576767121344	addons.webextension.screenshots@mozilla.org	WARN	Loading extension 'screenshots@mozilla.org': Reading manifest: Invalid extension permission: resource://pdf.js/
1576767121344	addons.webextension.screenshots@mozilla.org	WARN	Loading extension 'screenshots@mozilla.org': Reading manifest: Invalid extension permission: about:reader*
JavaScript error: resource://gre/modules/XULStore.jsm, line 66: Error: Can't find profile directory.
1576767124401	Marionette	INFO	Listening on port 52199
дек. 19, 2019 5:52:04 PM org.openqa.selenium.remote.ProtocolHandshake createSession
INFO: Detected dialect: W3C
JavaScript error: https://assets.adobedtm.com/75780ca42467931140f0faa235f03d9dd145eb96/satelliteLib-53c18c53e3988a1ec3f454426ebc0b97c7ee28b0.js, line 10: NS_ERROR_NOT_INITIALIZED: 
JavaScript error: resource:///modules/ContentMetaHandler.jsm, line 162: NS_ERROR_NOT_INITIALIZED: 
1576767138832	Marionette	INFO	Stopped listening on port 52199
[Parent 5148, Gecko_IOThread] WARNING: pipe error: 109: file z:/task_1575282935/build/src/ipc/chromium/src/chrome/common/ipc_channel_win.cc, line 341
[Child 8116, Chrome_ChildThread] WARNING: pipe error: 109: file z:/task_1575282935/build/src/ipc/chromium/src/chrome/common/ipc_channel_win.cc, line 341
[Parent 5148, Gecko_IOThread] WARNING: pipe error: 109: file z:/task_1575282935/build/src/ipc/chromium/src/chrome/common/ipc_channel_win.cc, line 341
[Child 11188, Chrome_ChildThread] WARNING: pipe error: 109: file z:/task_1575282935/build/src/ipc/chromium/src/chrome/common/ipc_channel_win.cc, line 341

###!!! [Child][RunMessage] Error: Channel closing: too late to send/recv, messages will be lost

[GPU 15756, Chrome_ChildThread] WARNING: pipe error: 10
###!!! [Child][MessageChannel::SendAndWait] Error: Channel error: cannot send/recv

]]></system-err>
</testsuite>
