<?xml version="1.0" encoding="UTF-8"?>
<testsuite name="Seven" tests="1" skipped="0" failures="0" errors="0" timestamp="2019-12-02T19:16:06" hostname="DESKTOP-E9A41FJ" time="32.088">
  <properties/>
  <testcase name="testGoogleSearch" classname="Seven" time="32.088"/>
  <system-out><![CDATA[]]></system-out>
  <system-err><![CDATA[Starting ChromeDriver 78.0.3904.105 (60e2d8774a8151efa6a00b1f358371b1e0e07ee2-refs/branch-heads/3904@{#877}) on port 34048
Only local connections are allowed.
Please protect ports used by ChromeDriver and related test frameworks to prevent access by malicious code.
дек. 02, 2019 10:16:10 PM org.openqa.selenium.remote.ProtocolHandshake createSession
INFO: Detected dialect: W3C
]]></system-err>
</testsuite>
